15:07:55.629 INFO [LoggingOptions.configureLogEncoding] - Using the system default encoding
15:07:55.636 INFO [OpenTelemetryTracer.createTracer] - Using OpenTelemetry for tracing
15:07:55.859 INFO [UnboundZmqEventBus.<init>] - Connecting to tcp://192.168.1.100:4442 and tcp://192.168.1.100:4443
15:07:55.923 INFO [UnboundZmqEventBus.<init>] - Sockets created
15:07:56.938 INFO [UnboundZmqEventBus.<init>] - Event bus ready
15:07:57.090 INFO [NodeServer.createHandlers] - Reporting self as: http://192.168.1.3:5556
15:07:57.114 INFO [NodeOptions.getSessionFactories] - Detected 12 available processors
15:07:57.115 INFO [NodeOptions.discoverDrivers] - Looking for existing drivers on the PATH.
15:07:57.116 INFO [NodeOptions.discoverDrivers] - Add '--selenium-manager true' to the startup command to setup drivers automatically.
15:07:58.861 INFO [NodeOptions.report] - Adding Edge for {"browserName": "MicrosoftEdge","platformName": "Windows 11"} 12 times
15:07:58.862 INFO [NodeOptions.report] - Adding Firefox for {"browserName": "firefox","platformName": "Windows 11"} 12 times
15:07:58.864 INFO [NodeOptions.report] - Adding Chrome for {"browserName": "chrome","platformName": "Windows 11"} 12 times
15:07:58.865 INFO [NodeOptions.report] - Adding Internet Explorer for {"browserName": "internet explorer","platformName": "Windows 11"} 1 times
15:07:58.930 INFO [Node.<init>] - Binding additional locator mechanisms: relative
15:07:59.160 INFO [NodeServer$1.start] - Starting registration process for Node http://192.168.1.3:5556
15:07:59.161 INFO [NodeServer.execute] - Started Selenium node 4.25.0 (revision 030fcf7918): http://192.168.1.3:5556
15:07:59.187 INFO [NodeServer$1.lambda$start$1] - Sending registration event...
15:08:09.218 INFO [NodeServer$1.lambda$start$1] - Sending registration event...
15:08:19.231 INFO [NodeServer$1.lambda$start$1] - Sending registration event...
15:08:29.255 INFO [NodeServer$1.lambda$start$1] - Sending registration event...
15:08:39.272 INFO [NodeServer$1.lambda$start$1] - Sending registration event...
15:08:49.288 INFO [NodeServer$1.lambda$start$1] - Sending registration event...
15:08:59.296 INFO [NodeServer$1.lambda$start$1] - Sending registration event...
15:09:09.313 INFO [NodeServer$1.lambda$start$1] - Sending registration event...
15:09:19.333 INFO [NodeServer$1.lambda$start$1] - Sending registration event...
15:09:29.354 INFO [NodeServer$1.lambda$start$1] - Sending registration event...
15:09:39.370 INFO [NodeServer$1.lambda$start$1] - Sending registration event...
15:09:49.384 INFO [NodeServer$1.lambda$start$1] - Sending registration event...
15:09:59.181 INFO [NodeServer$1.lambda$start$1] - Sending registration event...
